TN:
SF:server/auth.ts
FN:25,sign
FN:29,mintToken
FN:38,verifyToken
FN:55,createSession
FN:72,requireSession
FN:89,handleAuth
FNF:6
FNH:0
FNDA:0,sign
FNDA:0,mintToken
FNDA:0,verifyToken
FNDA:0,createSession
FNDA:0,requireSession
FNDA:0,handleAuth
DA:23,0
DA:26,0
DA:30,0
DA:31,0
DA:34,0
DA:35,0
DA:39,0
DA:40,0
DA:41,0
DA:42,0
DA:43,0
DA:44,0
DA:48,0
DA:50,0
DA:51,0
DA:52,0
DA:56,0
DA:64,0
DA:65,0
DA:73,0
DA:74,0
DA:75,0
DA:76,0
DA:77,0
DA:79,0
DA:80,0
DA:81,0
DA:82,0
DA:84,0
DA:85,0
DA:90,0
DA:92,0
DA:94,0
DA:95,0
DA:96,0
DA:97,0
DA:99,0
DA:100,0
DA:101,0
DA:103,0
DA:104,0
DA:111,0
DA:112,0
DA:113,0
DA:114,0
DA:115,0
DA:117,0
DA:118,0
DA:119,0
DA:122,0
DA:123,0
LF:51
LH:0
BRDA:40,0,0,0
BRDA:40,0,1,0
BRDA:44,1,0,0
BRDA:44,1,1,0
BRDA:45,2,0,0
BRDA:45,2,1,0
BRDA:51,3,0,0
BRDA:51,3,1,0
BRDA:51,4,0,0
BRDA:51,4,1,0
BRDA:52,5,0,0
BRDA:52,5,1,0
BRDA:59,6,0,0
BRDA:59,6,1,0
BRDA:73,7,0,0
BRDA:73,7,1,0
BRDA:74,8,0,0
BRDA:74,8,1,0
BRDA:75,9,0,0
BRDA:75,9,1,0
BRDA:80,10,0,0
BRDA:80,10,1,0
BRDA:90,11,0,0
BRDA:90,11,1,0
BRDA:94,12,0,0
BRDA:94,12,1,0
BRDA:95,13,0,0
BRDA:95,13,1,0
BRDA:100,14,0,0
BRDA:100,14,1,0
BRDA:101,15,0,0
BRDA:101,15,1,0
BRDA:103,16,0,0
BRDA:103,16,1,0
BRDA:111,17,0,0
BRDA:111,17,1,0
BRDA:112,18,0,0
BRDA:112,18,1,0
BRDA:113,19,0,0
BRDA:113,19,1,0
BRDA:117,20,0,0
BRDA:117,20,1,0
BRF:42
BRH:0
end_of_record
TN:
SF:server/config.ts
FN:41,readJsonIfExists
FN:55,pick
FN:72,mergeAppConfig
FN:102,isUserAllowed
FN:103,(anonymous_4)
FNF:5
FNH:0
FNDA:0,readJsonIfExists
FNDA:0,pick
FNDA:0,mergeAppConfig
FNDA:0,isUserAllowed
FNDA:0,(anonymous_4)
DA:20,0
DA:33,0
DA:42,0
DA:43,0
DA:48,0
DA:49,0
DA:51,0
DA:56,0
DA:57,0
DA:59,0
DA:62,0
DA:63,0
DA:67,0
DA:73,0
DA:75,0
DA:76,0
DA:77,0
DA:78,0
DA:82,0
DA:83,0
DA:84,0
DA:86,0
DA:89,0
DA:94,0
DA:100,0
DA:103,0
DA:104,0
DA:105,0
DA:110,0
DA:116,0
DA:120,0
DA:122,0
DA:125,0
LF:33
LH:0
BRDA:20,0,0,0
BRDA:20,0,1,0
BRDA:48,1,0,0
BRDA:48,1,1,0
BRDA:57,2,0,0
BRDA:57,2,1,0
BRDA:57,3,0,0
BRDA:57,3,1,0
BRDA:57,3,2,0
BRDA:62,4,0,0
BRDA:62,4,1,0
BRDA:63,5,0,0
BRDA:63,5,1,0
BRDA:64,6,0,0
BRDA:64,6,1,0
BRDA:77,7,0,0
BRDA:77,7,1,0
BRDA:77,8,0,0
BRDA:77,8,1,0
BRDA:77,8,2,0
BRDA:77,8,3,0
BRDA:84,9,0,0
BRDA:84,9,1,0
BRDA:94,10,0,0
BRDA:94,10,1,0
BRDA:105,11,0,0
BRDA:105,11,1,0
BRDA:105,11,2,0
BRDA:120,12,0,0
BRDA:120,12,1,0
BRDA:120,12,2,0
BRDA:122,13,0,0
BRDA:122,13,1,0
BRDA:122,13,2,0
BRDA:126,14,0,0
BRDA:126,14,1,0
BRF:36
BRH:0
end_of_record
TN:
SF:server/index.ts
FN:30,(anonymous_0)
FN:33,(anonymous_1)
FN:44,(anonymous_2)
FN:53,(anonymous_3)
FN:63,(anonymous_4)
FN:71,(anonymous_5)
FN:82,(anonymous_6)
FN:103,parseCookies
FN:115,cookieNameFor
FN:120,(anonymous_9)
FN:159,(anonymous_10)
FN:167,(anonymous_11)
FN:197,(anonymous_12)
FN:238,(anonymous_13)
FN:278,(anonymous_14)
FN:287,(anonymous_15)
FN:293,(anonymous_16)
FNF:17
FNH:0
FNDA:0,(anonymous_0)
FNDA:0,(anonymous_1)
FNDA:0,(anonymous_2)
FNDA:0,(anonymous_3)
FNDA:0,(anonymous_4)
FNDA:0,(anonymous_5)
FNDA:0,(anonymous_6)
FNDA:0,parseCookies
FNDA:0,cookieNameFor
FNDA:0,(anonymous_9)
FNDA:0,(anonymous_10)
FNDA:0,(anonymous_11)
FNDA:0,(anonymous_12)
FNDA:0,(anonymous_13)
FNDA:0,(anonymous_14)
FNDA:0,(anonymous_15)
FNDA:0,(anonymous_16)
DA:25,0
DA:26,0
DA:27,0
DA:29,0
DA:30,0
DA:31,0
DA:33,0
DA:41,0
DA:45,0
DA:46,0
DA:47,0
DA:48,0
DA:49,0
DA:52,0
DA:53,0
DA:61,0
DA:64,0
DA:71,0
DA:82,0
DA:83,0
DA:104,0
DA:105,0
DA:106,0
DA:107,0
DA:108,0
DA:110,0
DA:116,0
DA:120,0
DA:122,0
DA:123,0
DA:124,0
DA:125,0
DA:126,0
DA:128,0
DA:131,0
DA:132,0
DA:133,0
DA:135,0
DA:136,0
DA:138,0
DA:139,0
DA:140,0
DA:142,0
DA:143,0
DA:144,0
DA:147,0
DA:150,0
DA:151,0
DA:153,0
DA:159,0
DA:160,0
DA:162,0
DA:163,0
DA:165,0
DA:166,0
DA:167,0
DA:168,0
DA:170,0
DA:173,0
DA:174,0
DA:179,0
DA:180,0
DA:182,0
DA:184,0
DA:187,0
DA:189,0
DA:198,0
DA:202,0
DA:203,0
DA:204,0
DA:205,0
DA:206,0
DA:210,0
DA:219,0
DA:220,0
DA:221,0
DA:229,0
DA:236,0
DA:238,0
DA:239,0
DA:240,0
DA:241,0
DA:242,0
DA:243,0
DA:244,0
DA:247,0
DA:248,0
DA:249,0
DA:250,0
DA:251,0
DA:252,0
DA:253,0
DA:254,0
DA:257,0
DA:258,0
DA:262,0
DA:263,0
DA:268,0
DA:275,0
DA:276,0
DA:277,0
DA:278,0
DA:279,0
DA:287,0
DA:288,0
DA:289,0
DA:290,0
DA:293,0
DA:298,0
DA:299,0
DA:301,0
DA:302,0
LF:112
LH:0
BRDA:32,0,0,0
BRDA:32,0,1,0
BRDA:32,1,0,0
BRDA:32,1,1,0
BRDA:47,2,0,0
BRDA:47,2,1,0
BRDA:47,3,0,0
BRDA:47,3,1,0
BRDA:49,4,0,0
BRDA:49,4,1,0
BRDA:55,5,0,0
BRDA:55,5,1,0
BRDA:87,6,0,0
BRDA:87,6,1,0
BRDA:108,7,0,0
BRDA:108,7,1,0
BRDA:123,8,0,0
BRDA:123,8,1,0
BRDA:124,9,0,0
BRDA:124,9,1,0
BRDA:132,10,0,0
BRDA:132,10,1,0
BRDA:133,11,0,0
BRDA:133,11,1,0
BRDA:135,12,0,0
BRDA:135,12,1,0
BRDA:136,13,0,0
BRDA:136,13,1,0
BRDA:138,14,0,0
BRDA:138,14,1,0
BRDA:139,15,0,0
BRDA:139,15,1,0
BRDA:140,16,0,0
BRDA:140,16,1,0
BRDA:140,16,2,0
BRDA:142,17,0,0
BRDA:142,17,1,0
BRDA:147,18,0,0
BRDA:147,18,1,0
BRDA:150,19,0,0
BRDA:150,19,1,0
BRDA:162,20,0,0
BRDA:162,20,1,0
BRDA:166,21,0,0
BRDA:166,21,1,0
BRDA:168,22,0,0
BRDA:168,22,1,0
BRDA:170,23,0,0
BRDA:170,23,1,0
BRDA:173,24,0,0
BRDA:173,24,1,0
BRDA:187,25,0,0
BRDA:187,25,1,0
BRDA:203,26,0,0
BRDA:203,26,1,0
BRDA:206,27,0,0
BRDA:206,27,1,0
BRDA:207,28,0,0
BRDA:207,28,1,0
BRDA:208,29,0,0
BRDA:208,29,1,0
BRDA:219,30,0,0
BRDA:219,30,1,0
BRDA:220,31,0,0
BRDA:220,31,1,0
BRDA:239,32,0,0
BRDA:239,32,1,0
BRDA:241,33,0,0
BRDA:241,33,1,0
BRDA:242,34,0,0
BRDA:242,34,1,0
BRDA:248,35,0,0
BRDA:248,35,1,0
BRDA:249,36,0,0
BRDA:249,36,1,0
BRDA:250,37,0,0
BRDA:250,37,1,0
BRDA:251,38,0,0
BRDA:251,38,1,0
BRDA:251,38,2,0
BRDA:252,39,0,0
BRDA:252,39,1,0
BRDA:259,40,0,0
BRDA:259,40,1,0
BRDA:260,41,0,0
BRDA:260,41,1,0
BRDA:276,42,0,0
BRDA:276,42,1,0
BRDA:289,43,0,0
BRDA:289,43,1,0
BRDA:292,44,0,0
BRDA:292,44,1,0
BRDA:292,45,0,0
BRDA:292,45,1,0
BRDA:298,46,0,0
BRDA:298,46,1,0
BRF:96
BRH:0
end_of_record
TN:
SF:server/services.ts
FN:19,loadServices
FN:36,(anonymous_1)
FN:38,(anonymous_2)
FN:42,(anonymous_3)
FNF:4
FNH:0
FNDA:0,loadServices
FNDA:0,(anonymous_1)
FNDA:0,(anonymous_2)
FNDA:0,(anonymous_3)
DA:20,0
DA:23,0
DA:24,0
DA:25,0
DA:28,0
DA:30,0
DA:31,0
DA:34,0
DA:35,0
DA:36,0
DA:39,0
DA:42,0
LF:12
LH:0
BRDA:21,0,0,0
BRDA:21,0,1,0
BRDA:28,1,0,0
BRDA:28,1,1,0
BRDA:30,2,0,0
BRDA:30,2,1,0
BRDA:39,3,0,0
BRDA:39,3,1,0
BRDA:39,3,2,0
BRDA:39,3,3,0
BRDA:39,3,4,0
BRDA:39,3,5,0
BRF:12
BRH:0
end_of_record
TN:
SF:server/status.ts
FN:19,probeUpstream
FN:48,clearStatusCache
FNF:2
FNH:2
FNDA:4,probeUpstream
FNDA:3,clearStatusCache
DA:16,1
DA:17,1
DA:20,4
DA:21,4
DA:22,4
DA:24,3
DA:26,3
DA:27,3
DA:28,1
DA:36,2
DA:44,3
DA:45,3
DA:49,3
LF:13
LH:13
BRDA:22,0,0,1
BRDA:22,0,1,3
BRDA:22,1,0,4
BRDA:22,1,1,1
BRF:4
BRH:4
end_of_record
TN:
SF:server/stubs.ts
FN:16,page
FN:44,stubHandler
FN:45,(anonymous_2)
FN:70,isUpstreamReachable
FNF:4
FNH:0
FNDA:0,page
FNDA:0,stubHandler
FNDA:0,(anonymous_2)
FNDA:0,isUpstreamReachable
DA:14,0
DA:17,0
DA:45,0
DA:48,0
DA:49,0
DA:50,0
DA:51,0
DA:52,0
DA:53,0
DA:55,0
DA:56,0
DA:57,0
DA:59,0
DA:63,0
DA:71,0
DA:72,0
DA:73,0
DA:74,0
DA:75,0
DA:78,0
DA:80,0
DA:82,0
DA:83,0
LF:23
LH:0
BRDA:50,0,0,0
BRDA:50,0,1,0
BRDA:55,1,0,0
BRDA:55,1,1,0
BRDA:55,2,0,0
BRDA:55,2,1,0
BRDA:72,3,0,0
BRDA:72,3,1,0
BRF:8
BRH:0
end_of_record
TN:
SF:server/telegram.ts
FN:21,validateInitData
FN:35,(anonymous_1)
FNF:2
FNH:2
FNDA:6,validateInitData
FNDA:14,(anonymous_1)
DA:26,6
DA:28,6
DA:29,6
DA:30,6
DA:31,5
DA:34,5
DA:35,14
DA:39,5
DA:44,5
DA:49,5
DA:53,2
DA:56,3
DA:57,6
DA:58,1
DA:62,2
DA:63,2
DA:65,1
DA:67,1
DA:69,1
LF:19
LH:19
BRDA:24,0,0,6
BRDA:26,1,0,0
BRDA:26,1,1,6
BRDA:26,2,0,6
BRDA:26,2,1,6
BRDA:30,3,0,1
BRDA:30,3,1,5
BRDA:49,4,0,2
BRDA:49,4,1,3
BRDA:50,5,0,5
BRDA:50,5,1,5
BRDA:56,6,0,3
BRDA:56,6,1,0
BRDA:57,7,0,1
BRDA:57,7,1,5
BRDA:57,8,0,6
BRDA:57,8,1,3
BRDA:63,9,0,2
BRDA:63,9,1,0
BRDA:67,10,0,0
BRDA:67,10,1,1
BRDA:67,11,0,1
BRDA:67,11,1,1
BRF:23
BRH:19
end_of_record
